[2025-04-22 08:59:33] [DEBUG] Datenbank initialisiert.
[2025-04-22 08:59:39] [DEBUG] StrictInventory initialisiert mit max 3 Objekten pro Produkttyp
[2025-04-22 08:59:39] [DEBUG] EnhancedObjectTracker initialisiert mit max 3 Objekten pro Produkttyp.
[2025-04-22 08:59:39] [DEBUG] InventoryInitializer bereit mit max 3 Objekten.
[2025-04-22 09:52:26] [DEBUG] Datenbank initialisiert.
[2025-04-22 09:54:38] [DEBUG] StrictInventory initialisiert mit max 3 Objekten pro Produkttyp
[2025-04-22 09:54:38] [DEBUG] EnhancedObjectTracker initialisiert mit max 3 Objekten pro Produkttyp.
[2025-04-22 09:54:38] [DEBUG] InventoryInitializer bereit mit max 3 Objekten.
[2025-04-22 09:54:41] [DEBUG] YOLO Erkenntnisse gespeichert - Regal 1 cup: 0 Objekte
[2025-04-22 09:54:41] [DEBUG] YOLO Erkenntnisse gespeichert - Regal 2 cup: 0 Objekte
[2025-04-22 09:54:41] [DEBUG] YOLO Erkenntnisse gespeichert - Regal 3 cup: 0 Objekte
[2025-04-22 09:54:41] [DEBUG] YOLO Erkenntnisse gespeichert - Regal 4 cup: 0 Objekte
[2025-04-22 09:54:42] [DEBUG] YOLO Erkenntnisse gespeichert - Regal 1 cup: 0 Objekte
[2025-04-22 09:54:42] [DEBUG] YOLO Erkenntnisse gespeichert - Regal 2 cup: 0 Objekte
[2025-04-22 09:54:42] [DEBUG] YOLO Erkenntnisse gespeichert - Regal 3 cup: 0 Objekte
[2025-04-22 09:54:42] [DEBUG] YOLO Erkenntnisse gespeichert - Regal 4 cup: 0 Objekte
[2025-04-22 09:54:42] [DEBUG] YOLO Erkenntnisse gespeichert - Regal 1 cup: 0 Objekte
[2025-04-22 09:54:42] [DEBUG] YOLO Erkenntnisse gespeichert - Regal 2 cup: 0 Objekte
[2025-04-22 09:54:42] [DEBUG] YOLO Erkenntnisse gespeichert - Regal 3 cup: 0 Objekte
[2025-04-22 09:54:42] [DEBUG] YOLO Erkenntnisse gespeichert - Regal 4 cup: 0 Objekte
[2025-04-22 09:54:43] [DEBUG] YOLO Erkenntnisse gespeichert - Regal 1 cup: 0 Objekte
[2025-04-22 09:54:43] [DEBUG] YOLO Erkenntnisse gespeichert - Regal 2 cup: 0 Objekte
[2025-04-22 09:54:43] [DEBUG] YOLO Erkenntnisse gespeichert - Regal 3 cup: 0 Objekte
[2025-04-22 09:54:43] [DEBUG] YOLO Erkenntnisse gespeichert - Regal 4 cup: 0 Objekte
[2025-04-22 09:54:43] [DEBUG] YOLO Erkenntnisse gespeichert - Regal 1 cup: 0 Objekte
[2025-04-22 09:54:43] [DEBUG] YOLO Erkenntnisse gespeichert - Regal 2 cup: 0 Objekte
[2025-04-22 09:54:43] [DEBUG] YOLO Erkenntnisse gespeichert - Regal 3 cup: 0 Objekte
[2025-04-22 09:54:43] [DEBUG] YOLO Erkenntnisse gespeichert - Regal 4 cup: 0 Objekte
[2025-04-22 09:54:44] [DEBUG] YOLO Erkenntnisse gespeichert - Regal 1 cup: 0 Objekte
[2025-04-22 09:54:44] [DEBUG] YOLO Erkenntnisse gespeichert - Regal 2 cup: 0 Objekte
[2025-04-22 09:54:44] [DEBUG] YOLO Erkenntnisse gespeichert - Regal 3 cup: 0 Objekte
[2025-04-22 09:54:44] [DEBUG] YOLO Erkenntnisse gespeichert - Regal 4 cup: 0 Objekte
[2025-04-22 09:54:44] [DEBUG] YOLO Erkenntnisse gespeichert - Regal 1 cup: 0 Objekte
[2025-04-22 09:54:44] [DEBUG] YOLO Erkenntnisse gespeichert - Regal 2 cup: 0 Objekte
[2025-04-22 09:54:44] [DEBUG] YOLO Erkenntnisse gespeichert - Regal 3 cup: 0 Objekte
[2025-04-22 09:54:44] [DEBUG] YOLO Erkenntnisse gespeichert - Regal 4 cup: 0 Objekte
[2025-04-22 09:54:45] [DEBUG] YOLO Erkenntnisse gespeichert - Regal 1 cup: 0 Objekte
[2025-04-22 09:54:45] [DEBUG] YOLO Erkenntnisse gespeichert - Regal 2 cup: 0 Objekte
[2025-04-22 09:54:45] [DEBUG] YOLO Erkenntnisse gespeichert - Regal 3 cup: 0 Objekte
[2025-04-22 09:54:45] [DEBUG] YOLO Erkenntnisse gespeichert - Regal 4 cup: 0 Objekte
[2025-04-22 09:54:45] [DEBUG] Gedächtnis enthält 0 Objekte.
[2025-04-22 09:54:45] [DEBUG] YOLO Erkenntnisse gespeichert - Regal 1 cup: 0 Objekte
[2025-04-22 09:54:45] [DEBUG] YOLO Erkenntnisse gespeichert - Regal 2 cup: 0 Objekte
[2025-04-22 09:54:45] [DEBUG] YOLO Erkenntnisse gespeichert - Regal 3 cup: 0 Objekte
[2025-04-22 09:54:45] [DEBUG] YOLO Erkenntnisse gespeichert - Regal 4 cup: 0 Objekte
[2025-04-22 09:54:46] [DEBUG] Gedächtnis enthält 0 Objekte.
[2025-04-22 09:54:46] [DEBUG] YOLO Erkenntnisse gespeichert - Regal 1 cup: 0 Objekte
[2025-04-22 09:54:46] [DEBUG] YOLO Erkenntnisse gespeichert - Regal 2 cup: 0 Objekte
[2025-04-22 09:54:46] [DEBUG] YOLO Erkenntnisse gespeichert - Regal 3 cup: 0 Objekte
[2025-04-22 09:54:46] [DEBUG] YOLO Erkenntnisse gespeichert - Regal 4 cup: 0 Objekte
[2025-04-22 09:54:46] [DEBUG] YOLO Erkenntnisse gespeichert - Regal 1 cup: 0 Objekte
[2025-04-22 09:54:46] [DEBUG] YOLO Erkenntnisse gespeichert - Regal 2 cup: 0 Objekte
[2025-04-22 09:54:46] [DEBUG] YOLO Erkenntnisse gespeichert - Regal 3 cup: 0 Objekte
[2025-04-22 09:54:46] [DEBUG] YOLO Erkenntnisse gespeichert - Regal 4 cup: 0 Objekte
[2025-04-22 09:54:47] [DEBUG] YOLO Erkenntnisse gespeichert - Regal 1 cup: 0 Objekte
[2025-04-22 09:54:47] [DEBUG] YOLO Erkenntnisse gespeichert - Regal 2 cup: 0 Objekte
[2025-04-22 09:54:47] [DEBUG] YOLO Erkenntnisse gespeichert - Regal 3 cup: 0 Objekte
[2025-04-22 09:54:47] [DEBUG] YOLO Erkenntnisse gespeichert - Regal 4 cup: 0 Objekte
[2025-04-22 09:54:47] [DEBUG] YOLO Erkenntnisse gespeichert - Regal 1 cup: 0 Objekte
[2025-04-22 09:54:47] [DEBUG] YOLO Erkenntnisse gespeichert - Regal 2 cup: 0 Objekte
[2025-04-22 09:54:47] [DEBUG] YOLO Erkenntnisse gespeichert - Regal 3 cup: 0 Objekte
[2025-04-22 09:54:47] [DEBUG] YOLO Erkenntnisse gespeichert - Regal 4 cup: 0 Objekte
[2025-04-22 09:54:48] [DEBUG] YOLO Erkenntnisse gespeichert - Regal 1 cup: 0 Objekte
[2025-04-22 09:54:48] [DEBUG] YOLO Erkenntnisse gespeichert - Regal 2 cup: 0 Objekte
[2025-04-22 09:54:48] [DEBUG] YOLO Erkenntnisse gespeichert - Regal 3 cup: 0 Objekte
[2025-04-22 09:54:48] [DEBUG] YOLO Erkenntnisse gespeichert - Regal 4 cup: 0 Objekte
[2025-04-22 09:54:48] [DEBUG] YOLO Erkenntnisse gespeichert - Regal 1 cup: 0 Objekte
[2025-04-22 09:54:48] [DEBUG] YOLO Erkenntnisse gespeichert - Regal 2 cup: 0 Objekte
[2025-04-22 09:54:48] [DEBUG] YOLO Erkenntnisse gespeichert - Regal 3 cup: 0 Objekte
[2025-04-22 09:54:49] [DEBUG] YOLO Erkenntnisse gespeichert - Regal 4 cup: 0 Objekte
[2025-04-22 09:54:50] [DEBUG] YOLO Erkenntnisse gespeichert - Regal 1 cup: 0 Objekte
[2025-04-22 09:54:50] [DEBUG] YOLO Erkenntnisse gespeichert - Regal 2 cup: 0 Objekte
[2025-04-22 09:54:50] [DEBUG] YOLO Erkenntnisse gespeichert - Regal 3 cup: 0 Objekte
[2025-04-22 09:54:50] [DEBUG] YOLO Erkenntnisse gespeichert - Regal 4 cup: 0 Objekte
[2025-04-22 09:54:51] [DEBUG] Gedächtnis enthält 0 Objekte.
[2025-04-22 09:54:51] [DEBUG] update_inventory: Regal 1 cup aktualisiert auf 0.
[2025-04-22 09:54:51] [DEBUG] Synchronisiere Inventar: Regal 1, sichtbar: 0
[2025-04-22 09:54:51] [DEBUG] update_inventory: Regal 2 cup aktualisiert auf 0.
[2025-04-22 09:54:51] [DEBUG] Synchronisiere Inventar: Regal 2, sichtbar: 0
[2025-04-22 09:54:51] [DEBUG] update_inventory: Regal 3 cup aktualisiert auf 0.
[2025-04-22 09:54:51] [DEBUG] Synchronisiere Inventar: Regal 3, sichtbar: 0
[2025-04-22 09:54:51] [DEBUG] update_inventory: Regal 4 cup aktualisiert auf 0.
[2025-04-22 09:54:51] [DEBUG] Synchronisiere Inventar: Regal 4, sichtbar: 0
[2025-04-22 09:54:51] [DEBUG] Starte periodische Überprüfung auf fehlende Objekte...
[2025-04-22 09:54:51] [DEBUG] Überprüfe auf fehlende und zurückgekehrte Objekte...
[2025-04-22 09:54:51] [DEBUG] Periodische Überprüfung abgeschlossen.
[2025-04-22 09:54:51] [DEBUG] YOLO Erkenntnisse gespeichert - Regal 1 cup: 0 Objekte
[2025-04-22 09:54:51] [DEBUG] YOLO Erkenntnisse gespeichert - Regal 2 cup: 0 Objekte
[2025-04-22 09:54:51] [DEBUG] YOLO Erkenntnisse gespeichert - Regal 3 cup: 0 Objekte
[2025-04-22 09:54:51] [DEBUG] YOLO Erkenntnisse gespeichert - Regal 4 cup: 0 Objekte
[2025-04-22 09:54:53] [DEBUG] YOLO Erkenntnisse gespeichert - Regal 1 cup: 0 Objekte
[2025-04-22 09:54:53] [DEBUG] YOLO Erkenntnisse gespeichert - Regal 2 cup: 0 Objekte
[2025-04-22 09:54:53] [DEBUG] YOLO Erkenntnisse gespeichert - Regal 3 cup: 0 Objekte
[2025-04-22 09:54:53] [DEBUG] YOLO Erkenntnisse gespeichert - Regal 4 cup: 0 Objekte
[2025-04-22 09:54:54] [DEBUG] YOLO Erkenntnisse gespeichert - Regal 1 cup: 0 Objekte
[2025-04-22 09:54:54] [DEBUG] YOLO Erkenntnisse gespeichert - Regal 2 cup: 0 Objekte
[2025-04-22 09:54:54] [DEBUG] YOLO Erkenntnisse gespeichert - Regal 3 cup: 0 Objekte
[2025-04-22 09:54:54] [DEBUG] YOLO Erkenntnisse gespeichert - Regal 4 cup: 0 Objekte
[2025-04-22 09:55:24] [DEBUG] Datenbank initialisiert.
[2025-04-22 09:55:48] [DEBUG] StrictInventory initialisiert mit max 3 Objekten pro Produkttyp
[2025-04-22 09:55:48] [DEBUG] EnhancedObjectTracker initialisiert mit max 3 Objekten pro Produkttyp.
[2025-04-22 09:55:48] [DEBUG] InventoryInitializer bereit mit max 3 Objekten.
[2025-04-22 09:55:51] [DEBUG] Gedächtnis enthält 0 Objekte.
[2025-04-22 09:55:52] [DEBUG] YOLO Erkenntnisse gespeichert - Regal 1 cup: 0 Objekte
[2025-04-22 09:55:52] [DEBUG] YOLO Erkenntnisse gespeichert - Regal 2 cup: 0 Objekte
[2025-04-22 09:55:52] [DEBUG] YOLO Erkenntnisse gespeichert - Regal 3 cup: 0 Objekte
[2025-04-22 09:55:52] [DEBUG] YOLO Erkenntnisse gespeichert - Regal 4 cup: 0 Objekte
[2025-04-22 09:55:52] [DEBUG] YOLO Erkenntnisse gespeichert - Regal 1 cup: 0 Objekte
[2025-04-22 09:55:52] [DEBUG] YOLO Erkenntnisse gespeichert - Regal 2 cup: 0 Objekte
[2025-04-22 09:55:52] [DEBUG] YOLO Erkenntnisse gespeichert - Regal 3 cup: 0 Objekte
[2025-04-22 09:55:52] [DEBUG] YOLO Erkenntnisse gespeichert - Regal 4 cup: 0 Objekte
[2025-04-22 09:55:52] [DEBUG] YOLO Erkenntnisse gespeichert - Regal 1 cup: 0 Objekte
[2025-04-22 09:55:52] [DEBUG] YOLO Erkenntnisse gespeichert - Regal 2 cup: 0 Objekte
[2025-04-22 09:55:52] [DEBUG] YOLO Erkenntnisse gespeichert - Regal 3 cup: 0 Objekte
[2025-04-22 09:55:52] [DEBUG] YOLO Erkenntnisse gespeichert - Regal 4 cup: 0 Objekte
[2025-04-22 09:55:52] [DEBUG] YOLO Erkenntnisse gespeichert - Regal 1 cup: 0 Objekte
[2025-04-22 09:55:52] [DEBUG] YOLO Erkenntnisse gespeichert - Regal 2 cup: 0 Objekte
[2025-04-22 09:55:52] [DEBUG] YOLO Erkenntnisse gespeichert - Regal 3 cup: 0 Objekte
[2025-04-22 09:55:52] [DEBUG] YOLO Erkenntnisse gespeichert - Regal 4 cup: 0 Objekte
[2025-04-22 09:55:53] [DEBUG] YOLO Erkenntnisse gespeichert - Regal 1 cup: 0 Objekte
[2025-04-22 09:55:53] [DEBUG] YOLO Erkenntnisse gespeichert - Regal 2 cup: 0 Objekte
[2025-04-22 09:55:53] [DEBUG] YOLO Erkenntnisse gespeichert - Regal 3 cup: 0 Objekte
[2025-04-22 09:55:53] [DEBUG] YOLO Erkenntnisse gespeichert - Regal 4 cup: 0 Objekte
[2025-04-22 09:55:53] [DEBUG] YOLO Erkenntnisse gespeichert - Regal 1 cup: 0 Objekte
[2025-04-22 09:55:53] [DEBUG] YOLO Erkenntnisse gespeichert - Regal 2 cup: 0 Objekte
[2025-04-22 09:55:53] [DEBUG] YOLO Erkenntnisse gespeichert - Regal 3 cup: 0 Objekte
[2025-04-22 09:55:53] [DEBUG] YOLO Erkenntnisse gespeichert - Regal 4 cup: 0 Objekte
[2025-04-22 09:55:53] [DEBUG] YOLO Erkenntnisse gespeichert - Regal 1 cup: 0 Objekte
[2025-04-22 09:55:53] [DEBUG] YOLO Erkenntnisse gespeichert - Regal 2 cup: 0 Objekte
[2025-04-22 09:55:53] [DEBUG] YOLO Erkenntnisse gespeichert - Regal 3 cup: 0 Objekte
[2025-04-22 09:55:53] [DEBUG] YOLO Erkenntnisse gespeichert - Regal 4 cup: 0 Objekte
[2025-04-22 09:55:54] [DEBUG] YOLO Erkenntnisse gespeichert - Regal 1 cup: 0 Objekte
[2025-04-22 09:55:54] [DEBUG] YOLO Erkenntnisse gespeichert - Regal 2 cup: 0 Objekte
[2025-04-22 09:55:54] [DEBUG] YOLO Erkenntnisse gespeichert - Regal 3 cup: 0 Objekte
[2025-04-22 09:55:54] [DEBUG] YOLO Erkenntnisse gespeichert - Regal 4 cup: 0 Objekte
[2025-04-22 09:55:54] [DEBUG] YOLO Erkenntnisse gespeichert - Regal 1 cup: 0 Objekte
[2025-04-22 09:55:54] [DEBUG] YOLO Erkenntnisse gespeichert - Regal 2 cup: 0 Objekte
[2025-04-22 09:55:54] [DEBUG] YOLO Erkenntnisse gespeichert - Regal 3 cup: 0 Objekte
[2025-04-22 09:55:54] [DEBUG] YOLO Erkenntnisse gespeichert - Regal 4 cup: 0 Objekte
[2025-04-22 09:55:54] [DEBUG] YOLO Erkenntnisse gespeichert - Regal 1 cup: 0 Objekte
[2025-04-22 09:55:54] [DEBUG] YOLO Erkenntnisse gespeichert - Regal 2 cup: 0 Objekte
[2025-04-22 09:55:54] [DEBUG] YOLO Erkenntnisse gespeichert - Regal 3 cup: 0 Objekte
[2025-04-22 09:55:54] [DEBUG] YOLO Erkenntnisse gespeichert - Regal 4 cup: 0 Objekte
[2025-04-22 09:55:55] [DEBUG] YOLO Erkenntnisse gespeichert - Regal 1 cup: 0 Objekte
[2025-04-22 09:55:55] [DEBUG] YOLO Erkenntnisse gespeichert - Regal 2 cup: 0 Objekte
[2025-04-22 09:55:55] [DEBUG] YOLO Erkenntnisse gespeichert - Regal 3 cup: 0 Objekte
[2025-04-22 09:55:55] [DEBUG] YOLO Erkenntnisse gespeichert - Regal 4 cup: 0 Objekte
[2025-04-22 09:55:55] [DEBUG] Gedächtnis enthält 0 Objekte.
[2025-04-22 09:55:55] [DEBUG] YOLO Erkenntnisse gespeichert - Regal 1 cup: 0 Objekte
[2025-04-22 09:55:55] [DEBUG] YOLO Erkenntnisse gespeichert - Regal 2 cup: 0 Objekte
[2025-04-22 09:55:55] [DEBUG] YOLO Erkenntnisse gespeichert - Regal 3 cup: 0 Objekte
[2025-04-22 09:55:55] [DEBUG] YOLO Erkenntnisse gespeichert - Regal 4 cup: 0 Objekte
[2025-04-22 09:55:55] [DEBUG] Gedächtnis enthält 0 Objekte.
[2025-04-22 09:55:55] [DEBUG] YOLO Erkenntnisse gespeichert - Regal 1 cup: 0 Objekte
[2025-04-22 09:55:55] [DEBUG] YOLO Erkenntnisse gespeichert - Regal 2 cup: 0 Objekte
[2025-04-22 09:55:55] [DEBUG] YOLO Erkenntnisse gespeichert - Regal 3 cup: 0 Objekte
[2025-04-22 09:55:55] [DEBUG] YOLO Erkenntnisse gespeichert - Regal 4 cup: 0 Objekte
[2025-04-22 09:55:56] [DEBUG] Gedächtnis enthält 0 Objekte.
[2025-04-22 09:55:56] [DEBUG] YOLO Erkenntnisse gespeichert - Regal 1 cup: 0 Objekte
[2025-04-22 09:55:56] [DEBUG] YOLO Erkenntnisse gespeichert - Regal 2 cup: 0 Objekte
[2025-04-22 09:55:56] [DEBUG] YOLO Erkenntnisse gespeichert - Regal 3 cup: 0 Objekte
[2025-04-22 09:55:56] [DEBUG] YOLO Erkenntnisse gespeichert - Regal 4 cup: 0 Objekte
[2025-04-22 09:55:56] [DEBUG] YOLO Erkenntnisse gespeichert - Regal 1 cup: 0 Objekte
[2025-04-22 09:55:56] [DEBUG] YOLO Erkenntnisse gespeichert - Regal 2 cup: 0 Objekte
[2025-04-22 09:55:56] [DEBUG] YOLO Erkenntnisse gespeichert - Regal 3 cup: 0 Objekte
[2025-04-22 09:55:56] [DEBUG] YOLO Erkenntnisse gespeichert - Regal 4 cup: 0 Objekte
[2025-04-22 09:55:56] [DEBUG] YOLO Erkenntnisse gespeichert - Regal 1 cup: 0 Objekte
[2025-04-22 09:55:56] [DEBUG] YOLO Erkenntnisse gespeichert - Regal 2 cup: 0 Objekte
[2025-04-22 09:55:56] [DEBUG] YOLO Erkenntnisse gespeichert - Regal 3 cup: 0 Objekte
[2025-04-22 09:55:56] [DEBUG] YOLO Erkenntnisse gespeichert - Regal 4 cup: 0 Objekte
[2025-04-22 09:55:56] [DEBUG] YOLO Erkenntnisse gespeichert - Regal 1 cup: 0 Objekte
[2025-04-22 09:55:56] [DEBUG] YOLO Erkenntnisse gespeichert - Regal 2 cup: 0 Objekte
[2025-04-22 09:55:56] [DEBUG] YOLO Erkenntnisse gespeichert - Regal 3 cup: 0 Objekte
[2025-04-22 09:55:57] [DEBUG] YOLO Erkenntnisse gespeichert - Regal 4 cup: 0 Objekte
[2025-04-22 09:55:57] [DEBUG] YOLO Erkenntnisse gespeichert - Regal 1 cup: 0 Objekte
[2025-04-22 09:55:57] [DEBUG] YOLO Erkenntnisse gespeichert - Regal 2 cup: 0 Objekte
[2025-04-22 09:55:57] [DEBUG] YOLO Erkenntnisse gespeichert - Regal 3 cup: 0 Objekte
[2025-04-22 09:55:57] [DEBUG] YOLO Erkenntnisse gespeichert - Regal 4 cup: 0 Objekte
[2025-04-22 09:55:57] [DEBUG] YOLO Erkenntnisse gespeichert - Regal 1 cup: 0 Objekte
[2025-04-22 09:55:57] [DEBUG] YOLO Erkenntnisse gespeichert - Regal 2 cup: 0 Objekte
[2025-04-22 09:55:57] [DEBUG] YOLO Erkenntnisse gespeichert - Regal 3 cup: 0 Objekte
[2025-04-22 09:55:57] [DEBUG] YOLO Erkenntnisse gespeichert - Regal 4 cup: 0 Objekte
[2025-04-22 09:55:57] [DEBUG] YOLO Erkenntnisse gespeichert - Regal 1 cup: 0 Objekte
[2025-04-22 09:55:57] [DEBUG] YOLO Erkenntnisse gespeichert - Regal 2 cup: 0 Objekte
[2025-04-22 09:55:57] [DEBUG] YOLO Erkenntnisse gespeichert - Regal 3 cup: 0 Objekte
[2025-04-22 09:55:57] [DEBUG] YOLO Erkenntnisse gespeichert - Regal 4 cup: 0 Objekte
[2025-04-22 09:55:58] [DEBUG] YOLO Erkenntnisse gespeichert - Regal 1 cup: 0 Objekte
[2025-04-22 09:55:58] [DEBUG] YOLO Erkenntnisse gespeichert - Regal 2 cup: 0 Objekte
[2025-04-22 09:55:58] [DEBUG] YOLO Erkenntnisse gespeichert - Regal 3 cup: 0 Objekte
[2025-04-22 09:55:58] [DEBUG] YOLO Erkenntnisse gespeichert - Regal 4 cup: 0 Objekte
[2025-04-22 09:55:58] [DEBUG] YOLO Erkenntnisse gespeichert - Regal 1 cup: 0 Objekte
[2025-04-22 09:55:58] [DEBUG] YOLO Erkenntnisse gespeichert - Regal 2 cup: 0 Objekte
[2025-04-22 09:55:58] [DEBUG] YOLO Erkenntnisse gespeichert - Regal 3 cup: 0 Objekte
[2025-04-22 09:55:58] [DEBUG] YOLO Erkenntnisse gespeichert - Regal 4 cup: 0 Objekte
[2025-04-22 09:55:58] [DEBUG] YOLO Erkenntnisse gespeichert - Regal 1 cup: 0 Objekte
[2025-04-22 09:55:58] [DEBUG] YOLO Erkenntnisse gespeichert - Regal 2 cup: 0 Objekte
[2025-04-22 09:55:58] [DEBUG] YOLO Erkenntnisse gespeichert - Regal 3 cup: 0 Objekte
[2025-04-22 09:55:58] [DEBUG] YOLO Erkenntnisse gespeichert - Regal 4 cup: 0 Objekte
[2025-04-22 09:55:59] [DEBUG] YOLO Erkenntnisse gespeichert - Regal 1 cup: 0 Objekte
[2025-04-22 09:55:59] [DEBUG] YOLO Erkenntnisse gespeichert - Regal 2 cup: 0 Objekte
[2025-04-22 09:55:59] [DEBUG] YOLO Erkenntnisse gespeichert - Regal 3 cup: 0 Objekte
[2025-04-22 09:55:59] [DEBUG] YOLO Erkenntnisse gespeichert - Regal 4 cup: 0 Objekte
[2025-04-22 09:55:59] [DEBUG] YOLO Erkenntnisse gespeichert - Regal 1 cup: 0 Objekte
[2025-04-22 09:55:59] [DEBUG] YOLO Erkenntnisse gespeichert - Regal 2 cup: 0 Objekte
[2025-04-22 09:55:59] [DEBUG] YOLO Erkenntnisse gespeichert - Regal 3 cup: 0 Objekte
[2025-04-22 09:55:59] [DEBUG] YOLO Erkenntnisse gespeichert - Regal 4 cup: 0 Objekte
[2025-04-22 09:55:59] [DEBUG] YOLO Erkenntnisse gespeichert - Regal 1 cup: 0 Objekte
[2025-04-22 09:55:59] [DEBUG] YOLO Erkenntnisse gespeichert - Regal 2 cup: 0 Objekte
[2025-04-22 09:55:59] [DEBUG] YOLO Erkenntnisse gespeichert - Regal 3 cup: 0 Objekte
[2025-04-22 09:55:59] [DEBUG] YOLO Erkenntnisse gespeichert - Regal 4 cup: 0 Objekte
[2025-04-22 09:56:00] [DEBUG] YOLO Erkenntnisse gespeichert - Regal 1 cup: 0 Objekte
[2025-04-22 09:56:00] [DEBUG] YOLO Erkenntnisse gespeichert - Regal 2 cup: 0 Objekte
[2025-04-22 09:56:00] [DEBUG] YOLO Erkenntnisse gespeichert - Regal 3 cup: 0 Objekte
[2025-04-22 09:56:00] [DEBUG] YOLO Erkenntnisse gespeichert - Regal 4 cup: 0 Objekte
[2025-04-22 09:56:00] [DEBUG] Gedächtnis enthält 0 Objekte.
[2025-04-22 09:56:00] [DEBUG] YOLO Erkenntnisse gespeichert - Regal 1 cup: 0 Objekte
[2025-04-22 09:56:00] [DEBUG] YOLO Erkenntnisse gespeichert - Regal 2 cup: 0 Objekte
[2025-04-22 09:56:00] [DEBUG] YOLO Erkenntnisse gespeichert - Regal 3 cup: 0 Objekte
[2025-04-22 09:56:00] [DEBUG] YOLO Erkenntnisse gespeichert - Regal 4 cup: 0 Objekte
[2025-04-22 09:56:00] [DEBUG] Gedächtnis enthält 0 Objekte.
[2025-04-22 09:56:00] [DEBUG] YOLO Erkenntnisse gespeichert - Regal 1 cup: 0 Objekte
[2025-04-22 09:56:00] [DEBUG] YOLO Erkenntnisse gespeichert - Regal 2 cup: 0 Objekte
[2025-04-22 09:56:00] [DEBUG] YOLO Erkenntnisse gespeichert - Regal 3 cup: 0 Objekte
[2025-04-22 09:56:00] [DEBUG] YOLO Erkenntnisse gespeichert - Regal 4 cup: 0 Objekte
[2025-04-22 09:56:01] [DEBUG] Gedächtnis enthält 0 Objekte.
[2025-04-22 09:56:01] [DEBUG] update_inventory: Regal 1 cup aktualisiert auf 0.
[2025-04-22 09:56:01] [DEBUG] Synchronisiere Inventar: Regal 1, sichtbar: 0
[2025-04-22 09:56:01] [DEBUG] update_inventory: Regal 2 cup aktualisiert auf 0.
[2025-04-22 09:56:01] [DEBUG] Synchronisiere Inventar: Regal 2, sichtbar: 0
[2025-04-22 09:56:01] [DEBUG] update_inventory: Regal 3 cup aktualisiert auf 0.
[2025-04-22 09:56:01] [DEBUG] Synchronisiere Inventar: Regal 3, sichtbar: 0
[2025-04-22 09:56:01] [DEBUG] update_inventory: Regal 4 cup aktualisiert auf 0.
[2025-04-22 09:56:01] [DEBUG] Synchronisiere Inventar: Regal 4, sichtbar: 0
[2025-04-22 09:56:01] [DEBUG] Starte periodische Überprüfung auf fehlende Objekte...
[2025-04-22 09:56:01] [DEBUG] Überprüfe auf fehlende und zurückgekehrte Objekte...
[2025-04-22 09:56:01] [DEBUG] Periodische Überprüfung abgeschlossen.
[2025-04-22 09:56:01] [DEBUG] YOLO Erkenntnisse gespeichert - Regal 1 cup: 0 Objekte
[2025-04-22 09:56:01] [DEBUG] YOLO Erkenntnisse gespeichert - Regal 2 cup: 0 Objekte
[2025-04-22 09:56:01] [DEBUG] YOLO Erkenntnisse gespeichert - Regal 3 cup: 0 Objekte
[2025-04-22 09:56:01] [DEBUG] YOLO Erkenntnisse gespeichert - Regal 4 cup: 0 Objekte
[2025-04-22 09:56:01] [DEBUG] Warte 5 Sekunden vor Start der Inventarisierung...
[2025-04-22 09:56:01] [DEBUG] YOLO Erkenntnisse gespeichert - Regal 1 cup: 0 Objekte
[2025-04-22 09:56:01] [DEBUG] YOLO Erkenntnisse gespeichert - Regal 2 cup: 0 Objekte
[2025-04-22 09:56:01] [DEBUG] YOLO Erkenntnisse gespeichert - Regal 3 cup: 0 Objekte
[2025-04-22 09:56:01] [DEBUG] YOLO Erkenntnisse gespeichert - Regal 4 cup: 0 Objekte
[2025-04-22 09:56:01] [DEBUG] YOLO Erkenntnisse gespeichert - Regal 1 cup: 0 Objekte
[2025-04-22 09:56:01] [DEBUG] YOLO Erkenntnisse gespeichert - Regal 2 cup: 0 Objekte
[2025-04-22 09:56:01] [DEBUG] YOLO Erkenntnisse gespeichert - Regal 3 cup: 0 Objekte
[2025-04-22 09:56:01] [DEBUG] YOLO Erkenntnisse gespeichert - Regal 4 cup: 0 Objekte
